<?xml version="1.0" encoding="UTF-8"?>
<testsuite xmlns:xsi="http://www.w3.org/2001/XMLSchema-instance" xsi:noNamespaceSchemaLocation="https://maven.apache.org/surefire/maven-surefire-plugin/xsd/surefire-test-report.xsd" name="com.staxter.StaxterTaskApplicationTests" time="4.51" tests="9" errors="0" skipped="0" failures="0">
  <properties>
[...]
</properties>
  <testcase name="register_WithoutUser" classname="com.staxter.StaxterTaskApplicationTests" time="0.313"/>
  <testcase name="registerUser_success" classname="com.staxter.StaxterTaskApplicationTests" time="0.119"/>
  <testcase name="login_InvalidUserName" classname="com.staxter.StaxterTaskApplicationTests" time="0.206"/>
  <testcase name="login_WithoutUserName_Password" classname="com.staxter.StaxterTaskApplicationTests" time="0.011"/>
  <testcase name="login_Successfully" classname="com.staxter.StaxterTaskApplicationTests" time="0.666"/>
  <testcase name="login_WithNonExistingUser" classname="com.staxter.StaxterTaskApplicationTests" time="0.07"/>
  <testcase name="login_InvalidPassword" classname="com.staxter.StaxterTaskApplicationTests" time="0.14"/>
  <testcase name="register_WithoutPassword" classname="com.staxter.StaxterTaskApplicationTests" time="0.018"/>
  <testcase name="register_WithExistingUser" classname="com.staxter.StaxterTaskApplicationTests" time="0.068"/>
</testsuite>